2021-12-26 16:12:724 INFO  ManageDriver :31 - Launching Chrome Browser
2021-12-26 16:12:943 INFO  ManageDriver :31 - Launching Chrome Browser
2021-12-26 16:12:677 INFO  ManageDriver :31 - Launching Chrome Browser
2021-12-26 16:12:884 INFO  ManageDriver :31 - Launching Chrome Browser
2021-12-26 16:12:29 INFO  ManageDriver :31 - Launching Chrome Browser
2021-12-26 16:12:495 INFO  ManageDriver :31 - Launching Chrome Browser
2021-12-26 16:12:65 INFO  ManageDriver :31 - Launching Chrome Browser
2021-12-26 16:12:429 INFO  ManageDriver :31 - Launching Chrome Browser
2021-12-26 16:12:21 INFO  ManageDriver :31 - Launching Chrome Browser
2021-12-26 16:12:203 INFO  ManageDriver :31 - Launching Chrome Browser
2021-12-26 17:12:593 INFO  ManageDriver :31 - Launching Chrome Browser
2021-12-26 17:12:927 INFO  ManageDriver :31 - Launching Chrome Browser
2021-12-26 18:12:488 INFO  ManageDriver :31 - Launching Chrome Browser
2021-12-26 18:12:307 INFO  ManageDriver :31 - Launching Chrome Browser
2021-12-26 18:12:103 INFO  ManageDriver :31 - Launching Chrome Browser
2021-12-26 19:12:282 INFO  ManageDriver :31 - Launching Chrome Browser
2021-12-26 19:12:946 INFO  ManageDriver :31 - Launching Chrome Browser
2021-12-26 19:12:148 INFO  ManageDriver :31 - Launching Chrome Browser
2021-12-26 19:12:288 INFO  ManageDriver :31 - Launching Chrome Browser
2021-12-26 19:12:169 INFO  ManageDriver :31 - Launching Chrome Browser
2021-12-26 19:12:919 INFO  ManageDriver :31 - Launching Chrome Browser
2021-12-26 19:12:285 INFO  ManageDriver :31 - Launching Chrome Browser
2021-12-26 19:12:18 INFO  ManageDriver :31 - Launching Chrome Browser
2021-12-26 19:12:660 INFO  ManageDriver :31 - Launching Chrome Browser
2021-12-26 19:12:777 INFO  ManageDriver :31 - Launching Chrome Browser
2021-12-26 19:12:383 INFO  ManageDriver :31 - Launching Chrome Browser
2021-12-26 19:12:662 INFO  ManageDriver :31 - Launching Chrome Browser
2021-12-26 19:12:289 INFO  ManageDriver :31 - Launching Chrome Browser
2021-12-26 19:12:648 INFO  ManageDriver :31 - Launching Chrome Browser
2021-12-26 19:12:313 INFO  ManageDriver :31 - Launching Chrome Browser
2021-12-26 19:12:723 INFO  ManageDriver :31 - Launching Chrome Browser
2021-12-26 20:12:929 INFO  ManageDriver :31 - Launching Chrome Browser
2021-12-26 21:12:670 INFO  ManageDriver :31 - Launching Chrome Browser
2021-12-26 21:12:113 INFO  ManageDriver :31 - Launching Chrome Browser
2021-12-26 21:12:542 INFO  ManageDriver :31 - Launching Chrome Browser
2021-12-26 21:12:843 INFO  ManageDriver :31 - Launching Chrome Browser
2021-12-26 21:12:867 INFO  ManageDriver :31 - Launching Chrome Browser
2021-12-26 21:12:983 INFO  ManageDriver :31 - Launching Chrome Browser
2021-12-26 21:12:286 INFO  ManageDriver :31 - Launching Chrome Browser
2021-12-26 21:12:101 INFO  ManageDriver :31 - Launching Chrome Browser
2021-12-26 21:12:838 INFO  ManageDriver :31 - Launching Chrome Browser
2021-12-26 21:12:336 INFO  ManageDriver :31 - Launching Chrome Browser
2021-12-26 21:12:648 INFO  ManageDriver :31 - Launching Chrome Browser
2021-12-26 21:12:571 INFO  ManageDriver :31 - Launching Chrome Browser
2021-12-26 21:12:652 INFO  ManageDriver :31 - Launching Chrome Browser
2021-12-26 21:12:966 INFO  ManageDriver :31 - Launching Chrome Browser
2021-12-26 21:12:429 INFO  ManageDriver :31 - Launching Chrome Browser
2021-12-26 21:12:857 INFO  ManageDriver :31 - Launching Chrome Browser
2021-12-26 21:12:611 INFO  ManageDriver :31 - Launching Chrome Browser
2021-12-26 21:12:911 INFO  ManageDriver :31 - Launching Chrome Browser
2021-12-26 21:12:570 INFO  ManageDriver :31 - Launching Chrome Browser
2021-12-26 21:12:94 INFO  ManageDriver :31 - Launching Chrome Browser
2021-12-26 21:12:415 INFO  ManageDriver :31 - Launching Chrome Browser
2021-12-26 21:12:28 INFO  ManageDriver :31 - Launching Chrome Browser
2021-12-27 11:12:350 INFO  ManageDriver :31 - Launching Chrome Browser
2021-12-27 11:12:905 INFO  ManageDriver :31 - Launching Chrome Browser
2021-12-27 11:12:386 INFO  ManageDriver :31 - Launching Chrome Browser
2021-12-27 11:12:176 INFO  ManageDriver :31 - Launching Chrome Browser
2021-12-27 11:12:238 INFO  Page7 :30 - Confirming Thank you message: Thank You!Thank You!
2021-12-27 11:12:348 INFO  Page7 :35 - Confirming Submission message: Your submission has been received!Your submission has been received!
2021-12-27 13:12:190 INFO  ManageDriver :31 - Launching Chrome Browser
2021-12-27 13:12:790 INFO  Page1 :29 - Add First Name : Bob
2021-12-27 13:12:236 INFO  Page1 :34 - Add Last Name : Alexa
2021-12-27 13:12:636 INFO  Page1 :39 - Click Next button : NEXT
2021-12-27 13:12:81 INFO  Page2 :76 - Click Next button : NEXT
2021-12-27 13:12:948 INFO  Page3 :26 - Click Next button : NEXT
2021-12-27 13:12:493 INFO  ManageDriver :31 - Launching Chrome Browser
2021-12-27 13:12:778 INFO  Page1 :29 - Add First Name : Bob
2021-12-27 13:12:149 INFO  Page1 :34 - Add Last Name : Alexa
2021-12-27 13:12:466 INFO  Page1 :39 - Click Next button : NEXT
2021-12-27 13:12:901 INFO  Page2 :76 - Click Next button : NEXT
2021-12-27 13:12:767 INFO  Page3 :26 - Click Next button : NEXT
